<?xml version="1.0" encoding="UTF-8"?>
<testng-results ignored="0" total="1" passed="1" failed="0" skipped="0">
  <reporter-output>
  </reporter-output>
  <suite started-at="2024-04-02T22:00:49 CET" name="Surefire suite" finished-at="2024-04-02T22:01:28 CET" duration-ms="38691">
    <groups>
    </groups>
    <test started-at="2024-04-02T22:00:49 CET" name="Surefire test" finished-at="2024-04-02T22:01:28 CET" duration-ms="38691">
      <class name="com.qacart.todo.testcases.LoginTest">
        <test-method is-config="true" signature="setup()[pri:0, instance:com.qacart.todo.testcases.LoginTest@1542af63]" started-at="2024-04-02T22:00:50 CET" name="setup" finished-at="2024-04-02T22:01:19 CET" duration-ms="29345" status="PASS">
          <reporter-output>
          </reporter-output>
        </test-method> <!-- setup -->
        <test-method signature="souldbeableTologinWithemailandPassword()[pri:0, instance:com.qacart.todo.testcases.LoginTest@1542af63]" started-at="2024-04-02T22:01:19 CET" name="souldbeableTologinWithemailandPassword" description="Test the login fonctionnality using email and password" finished-at="2024-04-02T22:01:25 CET" duration-ms="6065" status="PASS">
          <reporter-output>
          </reporter-output>
        </test-method> <!-- souldbeableTologinWithemailandPassword -->
        <test-method is-config="true" signature="teardown(org.testng.ITestResult)[pri:0, instance:com.qacart.todo.testcases.LoginTest@1542af63]" started-at="2024-04-02T22:01:26 CET" name="teardown" finished-at="2024-04-02T22:01:28 CET" duration-ms="2609" status="PASS">
          <params>
            <param index="0">
              <value>
                <![CDATA[[TestResult name=souldbeableTologinWithemailandPassword status=SUCCESS method=LoginTest.souldbeableTologinWithemailandPassword()[pri:0, instance:com.qacart.todo.testcases.LoginTest@1542af63] output={null}]]]>
              </value>
            </param>
          </params>
          <reporter-output>
          </reporter-output>
        </test-method> <!-- teardown -->
      </class> <!-- com.qacart.todo.testcases.LoginTest -->
    </test> <!-- Surefire test -->
  </suite> <!-- Surefire suite -->
</testng-results>
