<?xml version="1.0" encoding="UTF-8"?>
<testsuite xmlns:xsi="http://www.w3.org/2001/XMLSchema-instance" xsi:noNamespaceSchemaLocation="https://maven.apache.org/surefire/maven-surefire-plugin/xsd/surefire-test-report-3.0.xsd" version="3.0" name="TestSuite" time="106.821" tests="3" errors="0" skipped="0" failures="1">
  <properties>
[...]
</properties>
  <testcase name="souldbeableTologinWithemailandPassword" classname="com.qacart.todo.testcases.LoginTest" time="10.546">
    <system-err><![CDATA[[TestNG-test-Surefire test-3] INFO io.github.bonigarcia.wdm.WebDriverManager - Using chromedriver 123.0.6312.86 (resolved driver for Chrome 123)
[TestNG-test-Surefire test-1] INFO io.github.bonigarcia.wdm.WebDriverManager - Using chromedriver 123.0.6312.86 (resolved driver for Chrome 123)
[TestNG-test-Surefire test-2] INFO io.github.bonigarcia.wdm.WebDriverManager - Using chromedriver 123.0.6312.86 (resolved driver for Chrome 123)
[TestNG-test-Surefire test-2] INFO io.github.bonigarcia.wdm.WebDriverManager - Exporting webdriver.chrome.driver as C:\Users\PC\.cache\selenium\chromedriver\win64\123.0.6312.86\chromedriver.exe
[TestNG-test-Surefire test-3] INFO io.github.bonigarcia.wdm.WebDriverManager - Exporting webdriver.chrome.driver as C:\Users\PC\.cache\selenium\chromedriver\win64\123.0.6312.86\chromedriver.exe
[TestNG-test-Surefire test-1] INFO io.github.bonigarcia.wdm.WebDriverManager - Exporting webdriver.chrome.driver as C:\Users\PC\.cache\selenium\chromedriver\win64\123.0.6312.86\chromedriver.exe
????? 02, 2024 2:02:10 ? org.openqa.selenium.devtools.CdpVersionFinder findNearestMatch
WARNING: Unable to find an exact match for CDP version 123, returning the closest version; found: 122; Please update to a Selenium version that supports CDP version 123
????? 02, 2024 2:02:10 ? org.openqa.selenium.devtools.CdpVersionFinder findNearestMatch
WARNING: Unable to find an exact match for CDP version 123, returning the closest version; found: 122; Please update to a Selenium version that supports CDP version 123
????? 02, 2024 2:02:10 ? org.openqa.selenium.devtools.CdpVersionFinder findNearestMatch
WARNING: Unable to find an exact match for CDP version 123, returning the closest version; found: 122; Please update to a Selenium version that supports CDP version 123
]]></system-err>
  </testcase>
  <testcase name="ShouldBeabletoAddnewTOdo" classname="com.qacart.todo.testcases.TodoTest" time="56.055">
    <system-out><![CDATA[Request method:	POST
Request URI:	https://todo.qacart.com/api/v1/users/register
Proxy:			<none>
Request params:	<none>
Query params:	<none>
Form params:	<none>
Path params:	<none>
Headers:		Accept=*/*
				Content-Type=application/json
Cookies:		<none>
Multiparts:		<none>
Body:
{
    "email": "gavin.hamill@yahoo.com",
    "firstName": "Lois",
    "lastName": "Rippin",
    "password": "hd31noej"
}
Request method:	POST
Request URI:	https://todo.qacart.com/api/v1/users/register
Proxy:			<none>
Request params:	<none>
Query params:	<none>
Form params:	<none>
Path params:	<none>
Headers:		Accept=*/*
				Content-Type=application/json
Cookies:		<none>
Multiparts:		<none>
Body:
{
    "email": "madge.mohr@hotmail.com",
    "firstName": "Joan",
    "lastName": "Gottlieb",
    "password": "ygk36vlbz0k4ojz"
}
HTTP/1.1 201 Created
Server: Cowboy
Report-To: {"group":"heroku-nel","max_age":3600,"endpoints":[{"url":"https://nel.heroku.com/reports?ts=1712062959&sid=812dcc77-0bd0-43b1-a5f1-b25750382959&s=uKN0YVdFSRXXo0ucYPBlO7kWQvpmDIxNX%2FZa15j8xp4%3D"}]}
Reporting-Endpoints: heroku-nel=https://nel.heroku.com/reports?ts=1712062959&sid=812dcc77-0bd0-43b1-a5f1-b25750382959&s=uKN0YVdFSRXXo0ucYPBlO7kWQvpmDIxNX%2FZa15j8xp4%3D
Nel: {"report_to":"heroku-nel","max_age":3600,"success_fraction":0.005,"failure_fraction":0.05,"response_headers":["Via"]}
Connection: keep-alive
X-Powered-By: Express
Access-Control-Allow-Origin: *
Set-Cookie: access_token=eyJhbGciOiJIUzI1NiIsInR5cCI6IkpXVCJ9.eyJpZCI6IjY2MGMwMWVmZmU5M2QxMDAxNDZiZGViYyIsImZpcnN0TmFtZSI6IkpvYW4iLCJsYXN0TmFtZSI6IkdvdHRsaWViIiwiaWF0IjoxNzEyMDYyOTU5fQ.3mIxOGY5ySzA4GtVfDNhIrtAcxH9uh457mfL64azD5c; Path=/
Set-Cookie: userID=j%3A%22660c01effe93d100146bdebc%22; Path=/
Set-Cookie: firstName=Joan; Path=/
Content-Type: application/json; charset=utf-8
Content-Length: 277
Etag: W/"115-0Mq4neV6yukIblBKRPSXaGP4LvQ"
Date: Tue, 02 Apr 2024 13:02:39 GMT
Via: 1.1 vegur

{
    "access_token": "eyJhbGciOiJIUzI1NiIsInR5cCI6IkpXVCJ9.eyJpZCI6IjY2MGMwMWVmZmU5M2QxMDAxNDZiZGViYyIsImZpcnN0TmFtZSI6IkpvYW4iLCJsYXN0TmFtZSI6IkdvdHRsaWViIiwiaWF0IjoxNzEyMDYyOTU5fQ.3mIxOGY5ySzA4GtVfDNhIrtAcxH9uh457mfL64azD5c",
    "userID": "660c01effe93d100146bdebc",
    "firstName": "Joan"
}
HTTP/1.1 201 Created
Server: Cowboy
Report-To: {"group":"heroku-nel","max_age":3600,"endpoints":[{"url":"https://nel.heroku.com/reports?ts=1712062959&sid=812dcc77-0bd0-43b1-a5f1-b25750382959&s=uKN0YVdFSRXXo0ucYPBlO7kWQvpmDIxNX%2FZa15j8xp4%3D"}]}
Reporting-Endpoints: heroku-nel=https://nel.heroku.com/reports?ts=1712062959&sid=812dcc77-0bd0-43b1-a5f1-b25750382959&s=uKN0YVdFSRXXo0ucYPBlO7kWQvpmDIxNX%2FZa15j8xp4%3D
Nel: {"report_to":"heroku-nel","max_age":3600,"success_fraction":0.005,"failure_fraction":0.05,"response_headers":["Via"]}
Connection: keep-alive
X-Powered-By: Express
Access-Control-Allow-Origin: *
Set-Cookie: access_token=eyJhbGciOiJIUzI1NiIsInR5cCI6IkpXVCJ9.eyJpZCI6IjY2MGMwMWVmZmU5M2QxMDAxNDZiZGViYSIsImZpcnN0TmFtZSI6IkxvaXMiLCJsYXN0TmFtZSI6IlJpcHBpbiIsImlhdCI6MTcxMjA2Mjk1OX0.0IEWjaoDeXmdeLQ9ugJ-IUkWPlp2uxkfkneidDYqhJI; Path=/
Set-Cookie: userID=j%3A%22660c01effe93d100146bdeba%22; Path=/
Set-Cookie: firstName=Lois; Path=/
Content-Type: application/json; charset=utf-8
Content-Length: 274
Etag: W/"112-Teg9YfiTAeYsNf7QE58kPysuj+M"
Date: Tue, 02 Apr 2024 13:02:39 GMT
Via: 1.1 vegur

{
    "access_token": "eyJhbGciOiJIUzI1NiIsInR5cCI6IkpXVCJ9.eyJpZCI6IjY2MGMwMWVmZmU5M2QxMDAxNDZiZGViYSIsImZpcnN0TmFtZSI6IkxvaXMiLCJsYXN0TmFtZSI6IlJpcHBpbiIsImlhdCI6MTcxMjA2Mjk1OX0.0IEWjaoDeXmdeLQ9ugJ-IUkWPlp2uxkfkneidDYqhJI",
    "userID": "660c01effe93d100146bdeba",
    "firstName": "Lois"
}
HTTP/1.1 201 Created
Server: Cowboy
Report-To: {"group":"heroku-nel","max_age":3600,"endpoints":[{"url":"https://nel.heroku.com/reports?ts=1712062967&sid=812dcc77-0bd0-43b1-a5f1-b25750382959&s=SYrzgkmsPaOGXUoNgK%2B%2BOc8x9GUbLcaHNvaZZClG1Zs%3D"}]}
Reporting-Endpoints: heroku-nel=https://nel.heroku.com/reports?ts=1712062967&sid=812dcc77-0bd0-43b1-a5f1-b25750382959&s=SYrzgkmsPaOGXUoNgK%2B%2BOc8x9GUbLcaHNvaZZClG1Zs%3D
Nel: {"report_to":"heroku-nel","max_age":3600,"success_fraction":0.005,"failure_fraction":0.05,"response_headers":["Via"]}
Connection: keep-alive
X-Powered-By: Express
Access-Control-Allow-Origin: *
Content-Type: application/json; charset=utf-8
Content-Length: 161
Etag: W/"a1-tZbGUPohOU/b+hnpn86W6Rsbjjo"
Date: Tue, 02 Apr 2024 13:02:47 GMT
Via: 1.1 vegur

{
    "isCompleted": false,
    "_id": "660c01f7fe93d100146bdebe",
    "item": "Learn Selenium",
    "userID": "660c01effe93d100146bdebc",
    "createdAt": "2024-04-02T13:02:47.032Z",
    "__v": 0
}
]]></system-out>
  </testcase>
  <testcase name="ShouldBeabletodeleteTOdo" classname="com.qacart.todo.testcases.TodoTest" time="74.634">
    <failure message="no such element: Unable to locate element: {&quot;method&quot;:&quot;css selector&quot;,&quot;selector&quot;:&quot;[data-testid=&quot;delete&quot;]&quot;}&#10;  (Session info: chrome=123.0.6312.86)&#10;For documentation on this error, please visit: https://www.selenium.dev/documentation/webdriver/troubleshooting/errors#no-such-element-exception&#10;Build info: version: &apos;4.18.1&apos;, revision: &apos;b1d3319b48&apos;&#10;System info: os.name: &apos;Windows 10&apos;, os.arch: &apos;amd64&apos;, os.version: &apos;10.0&apos;, java.version: &apos;17.0.10&apos;&#10;Driver info: org.openqa.selenium.chrome.ChromeDriver&#10;Command: [f45a445cb37a2d5ed47eb148475954a7, findElement {using=css selector, value=[data-testid=&quot;delete&quot;]}]&#10;Capabilities {acceptInsecureCerts: false, browserName: chrome, browserVersion: 123.0.6312.86, chrome: {chromedriverVersion: 123.0.6312.86 (9b72c47a0536..., userDataDir: C:\Users\PC\AppData\Local\T...}, fedcm:accounts: true, goog:chromeOptions: {debuggerAddress: localhost:50431}, networkConnectionEnabled: false, pageLoadStrategy: normal, platformName: windows, proxy: Proxy(), se:cdp: ws://localhost:50431/devtoo..., se:cdpVersion: 123.0.6312.86, setWindowRect: true, strictFileInteractability: false, timeouts: {implicit: 0, pageLoad: 300000, script: 30000}, unhandledPromptBehavior: dismiss and notify, webauthn:extension:credBlob: true, webauthn:extension:largeBlob: true, webauthn:extension:minPinLength: true, webauthn:extension:prf: true, webauthn:virtualAuthenticators: true}&#10;Session ID: f45a445cb37a2d5ed47eb148475954a7" type="org.openqa.selenium.NoSuchElementException"><![CDATA[org.openqa.selenium.NoSuchElementException: 
no such element: Unable to locate element: {"method":"css selector","selector":"[data-testid="delete"]"}
  (Session info: chrome=123.0.6312.86)
For documentation on this error, please visit: https://www.selenium.dev/documentation/webdriver/troubleshooting/errors#no-such-element-exception
Build info: version: '4.18.1', revision: 'b1d3319b48'
System info: os.name: 'Windows 10', os.arch: 'amd64', os.version: '10.0', java.version: '17.0.10'
Driver info: org.openqa.selenium.chrome.ChromeDriver
Command: [f45a445cb37a2d5ed47eb148475954a7, findElement {using=css selector, value=[data-testid="delete"]}]
Capabilities {acceptInsecureCerts: false, browserName: chrome, browserVersion: 123.0.6312.86, chrome: {chromedriverVersion: 123.0.6312.86 (9b72c47a0536..., userDataDir: C:\Users\PC\AppData\Local\T...}, fedcm:accounts: true, goog:chromeOptions: {debuggerAddress: localhost:50431}, networkConnectionEnabled: false, pageLoadStrategy: normal, platformName: windows, proxy: Proxy(), se:cdp: ws://localhost:50431/devtoo..., se:cdpVersion: 123.0.6312.86, setWindowRect: true, strictFileInteractability: false, timeouts: {implicit: 0, pageLoad: 300000, script: 30000}, unhandledPromptBehavior: dismiss and notify, webauthn:extension:credBlob: true, webauthn:extension:largeBlob: true, webauthn:extension:minPinLength: true, webauthn:extension:prf: true, webauthn:virtualAuthenticators: true}
Session ID: f45a445cb37a2d5ed47eb148475954a7
	at java.base/jdk.internal.reflect.NativeConstructorAccessorImpl.newInstance0(Native Method)
	at java.base/jdk.internal.reflect.NativeConstructorAccessorImpl.newInstance(NativeConstructorAccessorImpl.java:77)
	at java.base/jdk.internal.reflect.DelegatingConstructorAccessorImpl.newInstance(DelegatingConstructorAccessorImpl.java:45)
	at java.base/java.lang.reflect.Constructor.newInstanceWithCaller(Constructor.java:499)
	at java.base/java.lang.reflect.Constructor.newInstance(Constructor.java:480)
	at org.openqa.selenium.remote.ErrorCodec.decode(ErrorCodec.java:167)
	at org.openqa.selenium.remote.codec.w3c.W3CHttpResponseCodec.decode(W3CHttpResponseCodec.java:138)
	at org.openqa.selenium.remote.codec.w3c.W3CHttpResponseCodec.decode(W3CHttpResponseCodec.java:50)
	at org.openqa.selenium.remote.HttpCommandExecutor.execute(HttpCommandExecutor.java:190)
	at org.openqa.selenium.remote.service.DriverCommandExecutor.invokeExecute(DriverCommandExecutor.java:216)
	at org.openqa.selenium.remote.service.DriverCommandExecutor.execute(DriverCommandExecutor.java:174)
	at org.openqa.selenium.remote.RemoteWebDriver.execute(RemoteWebDriver.java:519)
	at org.openqa.selenium.remote.ElementLocation$ElementFinder$2.findElement(ElementLocation.java:165)
	at org.openqa.selenium.remote.ElementLocation.findElement(ElementLocation.java:59)
	at org.openqa.selenium.remote.RemoteWebDriver.findElement(RemoteWebDriver.java:356)
	at org.openqa.selenium.remote.RemoteWebDriver.findElement(RemoteWebDriver.java:350)
	at org.openqa.selenium.support.pagefactory.DefaultElementLocator.findElement(DefaultElementLocator.java:68)
	at org.openqa.selenium.support.pagefactory.internal.LocatingElementHandler.invoke(LocatingElementHandler.java:38)
	at jdk.proxy2/jdk.proxy2.$Proxy18.click(Unknown Source)
	at com.qacart.todo.pages.TodoPage.DLETETODO(TodoPage.java:74)
	at com.qacart.todo.testcases.TodoTest.ShouldBeabletodeleteTOdo(TodoTest.java:147)
	at java.base/jdk.internal.reflect.NativeMethodAccessorImpl.invoke0(Native Method)
	at java.base/jdk.internal.reflect.NativeMethodAccessorImpl.invoke(NativeMethodAccessorImpl.java:77)
	at java.base/jdk.internal.reflect.DelegatingMethodAccessorImpl.invoke(DelegatingMethodAccessorImpl.java:43)
	at java.base/java.lang.reflect.Method.invoke(Method.java:568)
	at org.testng.internal.invokers.MethodInvocationHelper.invokeMethod(MethodInvocationHelper.java:139)
	at org.testng.internal.invokers.TestInvoker.invokeMethod(TestInvoker.java:664)
	at org.testng.internal.invokers.TestInvoker.invokeTestMethod(TestInvoker.java:228)
	at org.testng.internal.invokers.MethodRunner.runInSequence(MethodRunner.java:63)
	at org.testng.internal.invokers.TestInvoker$MethodInvocationAgent.invoke(TestInvoker.java:961)
	at org.testng.internal.invokers.TestInvoker.invokeTestMethods(TestInvoker.java:201)
	at org.testng.internal.invokers.TestMethodWorker.invokeTestMethods(TestMethodWorker.java:148)
	at org.testng.internal.invokers.TestMethodWorker.run(TestMethodWorker.java:128)
	at java.base/java.util.concurrent.Executors$RunnableAdapter.call(Executors.java:539)
	at java.base/java.util.concurrent.FutureTask.run(FutureTask.java:264)
	at org.testng.internal.thread.graph.TestNGFutureTask.run(TestNGFutureTask.java:22)
	at java.base/java.util.concurrent.ThreadPoolExecutor.runWorker(ThreadPoolExecutor.java:1136)
	at java.base/java.util.concurrent.ThreadPoolExecutor$Worker.run(ThreadPoolExecutor.java:635)
	at java.base/java.lang.Thread.run(Thread.java:842)
]]></failure>
  </testcase>
</testsuite>